Base path: C:/Program Files/Unity/Editor/Data
Cmd: getPlatforms
Cmd: disassembleShader
  api=15 insize=1786 outsize=3146 ok=1
Cmd: disassembleShader
  api=10 insize=1260 outsize=2124 ok=1
Cmd: disassembleShader
  api=15 insize=2338 outsize=3929 ok=1
Cmd: disassembleShader
  api=10 insize=1260 outsize=2141 ok=1
Cmd: disassembleShader
  api=15 insize=2338 outsize=3929 ok=1
Cmd: disassembleShader
  api=15 insize=2122 outsize=3564 ok=1
Cmd: disassembleShader
  api=15 insize=1786 outsize=3146 ok=1
Cmd: disassembleShader
  api=15 insize=2338 outsize=3929 ok=1
Cmd: disassembleShader
  api=15 insize=2122 outsize=3564 ok=1
Cmd: compileSnippet
  api=4 type=0 insize=986 outsize=1962 kw=DIRECTIONAL SHADOWS_SCREEN LIGHTMAP_OFF DYNAMICLIGHTMAP_ON _EMISSION pd=UNITY_ENABLE_REFLECTION_BUFFERS UNITY_PBS_USE_BRDF1 UNITY_SPECCUBE_BOX_PROJECTION UNITY_SPECCUBE_BLENDING ok=1
Cmd: disassembleShader
  api=15 insize=1962 outsize=3427 ok=1
Cmd: compileSnippet
  api=1 type=0 insize=986 outsize=1260 kw=DIRECTIONAL LIGHTMAP_OFF DIRLIGHTMAP_COMBINED DYNAMICLIGHTMAP_ON _EMISSION VERTEXLIGHT_ON pd=UNITY_ENABLE_REFLECTION_BUFFERS UNITY_PBS_USE_BRDF1 UNITY_SPECCUBE_BOX_PROJECTION UNITY_SPECCUBE_BLENDING ok=1
Cmd: disassembleShader
  api=10 insize=1260 outsize=2141 ok=1
Cmd: compileSnippet
  api=4 type=0 insize=986 outsize=2338 kw=DIRECTIONAL SHADOWS_SCREEN LIGHTMAP_OFF DIRLIGHTMAP_COMBINED DYNAMICLIGHTMAP_ON _EMISSION VERTEXLIGHT_ON pd=UNITY_ENABLE_REFLECTION_BUFFERS UNITY_PBS_USE_BRDF1 UNITY_SPECCUBE_BOX_PROJECTION UNITY_SPECCUBE_BLENDING ok=1
Cmd: disassembleShader
  api=15 insize=2338 outsize=3929 ok=1
Cmd: disassembleShader
  api=15 insize=3202 outsize=4981 ok=1
Cmd: disassembleShader
  api=15 insize=2338 outsize=3929 ok=1
Cmd: disassembleShader
  api=15 insize=2162 outsize=3648 ok=1
Cmd: disassembleShader
  api=15 insize=3202 outsize=4981 ok=1
Cmd: disassembleShader
  api=15 insize=2338 outsize=3929 ok=1
